0 info it worked if it ends with ok
1 verbose cli [ 'C:\\Program Files\\nodejs\\node.exe',
1 verbose cli   'C:\\Program Files\\nodejs\\node_modules\\npm\\bin\\npm-cli.js',
1 verbose cli   'install',
1 verbose cli   'ios-sim',
1 verbose cli   '--global' ]
2 info using npm@2.10.1
3 info using node@v0.12.4
4 verbose install initial load of C:\Users\Llewellyn\AppData\Roaming\npm\package.json
5 verbose readDependencies loading dependencies from C:\Users\Llewellyn\AppData\Roaming\npm\package.json
6 silly cache add args [ 'ios-sim', null ]
7 verbose cache add spec ios-sim
8 silly cache add parsed spec { raw: 'ios-sim',
8 silly cache add   scope: null,
8 silly cache add   name: 'ios-sim',
8 silly cache add   rawSpec: '',
8 silly cache add   spec: '*',
8 silly cache add   type: 'range' }
9 silly addNamed ios-sim@*
10 verbose addNamed "*" is a valid semver range for ios-sim
11 silly addNameRange { name: 'ios-sim', range: '*', hasData: false }
12 silly mapToRegistry name ios-sim
13 silly mapToRegistry using default registry
14 silly mapToRegistry registry https://registry.npmjs.org/
15 silly mapToRegistry uri https://registry.npmjs.org/ios-sim
16 verbose addNameRange registry:https://registry.npmjs.org/ios-sim not in flight; fetching
17 verbose request uri https://registry.npmjs.org/ios-sim
18 verbose request no auth needed
19 info attempt registry request try #1 at 8:33:44 PM
20 verbose request id 561e7083a4269df1
21 verbose etag "1H76UOC6W9Z8XWWIXSB6N1P9A"
22 http request GET https://registry.npmjs.org/ios-sim
23 http 304 https://registry.npmjs.org/ios-sim
24 silly get cb [ 304,
24 silly get   { date: 'Tue, 02 Jun 2015 18:33:47 GMT',
24 silly get     via: '1.1 varnish',
24 silly get     'cache-control': 'max-age=60',
24 silly get     etag: '"1H76UOC6W9Z8XWWIXSB6N1P9A"',
24 silly get     age: '0',
24 silly get     connection: 'keep-alive',
24 silly get     'x-served-by': 'cache-lcy1122-LCY',
24 silly get     'x-cache': 'HIT',
24 silly get     'x-cache-hits': '1',
24 silly get     'x-timer': 'S1433270027.393057,VS0,VE88',
24 silly get     vary: 'Accept' } ]
25 verbose etag https://registry.npmjs.org/ios-sim from cache
26 verbose get saving ios-sim to C:\Users\Llewellyn\AppData\Roaming\npm-cache\registry.npmjs.org\ios-sim\.cache.json
27 silly addNameRange number 2 { name: 'ios-sim', range: '*', hasData: true }
28 silly addNameRange versions [ 'ios-sim',
28 silly addNameRange   [ '1.8.0',
28 silly addNameRange     '1.8.1',
28 silly addNameRange     '1.8.2',
28 silly addNameRange     '1.9.0',
28 silly addNameRange     '2.0.0',
28 silly addNameRange     '2.0.1',
28 silly addNameRange     '3.0.0',
28 silly addNameRange     '3.1.0',
28 silly addNameRange     '3.1.1',
28 silly addNameRange     '4.1.0' ] ]
29 silly addNamed ios-sim@3.1.1
30 verbose addNamed "3.1.1" is a plain semver version for ios-sim
31 silly cache afterAdd ios-sim@3.1.1
32 verbose afterAdd C:\Users\Llewellyn\AppData\Roaming\npm-cache\ios-sim\3.1.1\package\package.json not in flight; writing
33 verbose afterAdd C:\Users\Llewellyn\AppData\Roaming\npm-cache\ios-sim\3.1.1\package\package.json written
34 silly install resolved [ { name: 'ios-sim',
34 silly install resolved     version: '3.1.1',
34 silly install resolved     description: 'launch iOS apps into the iOS Simulator from the command line (Xcode 6.0)',
34 silly install resolved     main: 'ios-sim',
34 silly install resolved     scripts: { preinstall: 'rake build' },
34 silly install resolved     bin: { 'ios-sim': 'build/Release/ios-sim' },
34 silly install resolved     repository:
34 silly install resolved      { type: 'git',
34 silly install resolved        url: 'git+https://github.com/phonegap/ios-sim.git' },
34 silly install resolved     keywords: [ 'ios-sim', 'iOS Simulator' ],
34 silly install resolved     author: { name: 'Landon Fuller, Jeff Haynie, Eloy Duran, Shazron Abdullah' },
34 silly install resolved     license: 'MIT',
34 silly install resolved     gitHead: 'c6ec64397e5fa462f1ea2d4e4fdc123a856618f9',
34 silly install resolved     bugs: { url: 'https://github.com/phonegap/ios-sim/issues' },
34 silly install resolved     homepage: 'https://github.com/phonegap/ios-sim',
34 silly install resolved     _id: 'ios-sim@3.1.1',
34 silly install resolved     _shasum: '1129c3fda31b917ef656b8c53fd276392b51c6e8',
34 silly install resolved     _from: 'ios-sim@*',
34 silly install resolved     _npmVersion: '1.4.14',
34 silly install resolved     _npmUser: { name: 'shazron', email: 'shazron@gmail.com' },
34 silly install resolved     maintainers: [ [Object] ],
34 silly install resolved     dist:
34 silly install resolved      { shasum: '1129c3fda31b917ef656b8c53fd276392b51c6e8',
34 silly install resolved        tarball: 'http://registry.npmjs.org/ios-sim/-/ios-sim-3.1.1.tgz' },
34 silly install resolved     directories: {},
34 silly install resolved     _resolved: 'https://registry.npmjs.org/ios-sim/-/ios-sim-3.1.1.tgz',
34 silly install resolved     readme: 'ERROR: No README data found!' } ]
35 info install ios-sim@3.1.1 into C:\Users\Llewellyn\AppData\Roaming\npm
36 info installOne ios-sim@3.1.1
37 verbose installOne of ios-sim to C:\Users\Llewellyn\AppData\Roaming\npm not in flight; installing
38 verbose lock using C:\Users\Llewellyn\AppData\Roaming\npm-cache\_locks\ios-sim-5091d3e5c92e6e4c.lock for C:\Users\Llewellyn\AppData\Roaming\npm\node_modules\ios-sim
39 silly install write writing ios-sim 3.1.1 to C:\Users\Llewellyn\AppData\Roaming\npm\node_modules\ios-sim
40 verbose unbuild node_modules\ios-sim
41 silly gentlyRm C:\Users\Llewellyn\AppData\Roaming\npm\node_modules\ios-sim is being purged from base C:\Users\Llewellyn\AppData\Roaming\npm
42 verbose gentlyRm don't care about contents; nuking C:\Users\Llewellyn\AppData\Roaming\npm\node_modules\ios-sim
43 verbose tar unpack C:\Users\Llewellyn\AppData\Roaming\npm-cache\ios-sim\3.1.1\package.tgz
44 verbose tar unpacking to C:\Users\Llewellyn\AppData\Roaming\npm\node_modules\ios-sim
45 silly gentlyRm C:\Users\Llewellyn\AppData\Roaming\npm\node_modules\ios-sim is being purged
46 verbose gentlyRm don't care about contents; nuking C:\Users\Llewellyn\AppData\Roaming\npm\node_modules\ios-sim
47 silly gunzTarPerm modes [ '777', '666' ]
48 silly gunzTarPerm extractEntry package.json
49 silly gunzTarPerm modified mode [ 'package.json', 420, 438 ]
50 silly gunzTarPerm extractEntry .npmignore
51 silly gunzTarPerm modified mode [ '.npmignore', 420, 438 ]
52 silly gunzTarPerm extractEntry README.md
53 silly gunzTarPerm modified mode [ 'README.md', 420, 438 ]
54 silly gunzTarPerm extractEntry LICENSE
55 silly gunzTarPerm modified mode [ 'LICENSE', 420, 438 ]
56 silly gunzTarPerm extractEntry resources/buildbox/build.sh
57 silly gunzTarPerm modified mode [ 'resources/buildbox/build.sh', 493, 511 ]
58 silly gunzTarPerm extractEntry CoreSimulator/CoreSimulator.h
59 silly gunzTarPerm modified mode [ 'CoreSimulator/CoreSimulator.h', 420, 438 ]
60 silly gunzTarPerm extractEntry CONTRIBUTING.md
61 silly gunzTarPerm modified mode [ 'CONTRIBUTING.md', 420, 438 ]
62 silly gunzTarPerm extractEntry Rakefile
63 silly gunzTarPerm modified mode [ 'Rakefile', 420, 438 ]
64 silly gunzTarPerm extractEntry Source/.npmignore
65 silly gunzTarPerm modified mode [ 'Source/.npmignore', 420, 438 ]
66 silly gunzTarPerm extractEntry Source/NSString+expandPath.h
67 silly gunzTarPerm modified mode [ 'Source/NSString+expandPath.h', 420, 438 ]
68 silly gunzTarPerm extractEntry Source/NSString+expandPath.m
69 silly gunzTarPerm modified mode [ 'Source/NSString+expandPath.m', 420, 438 ]
70 silly gunzTarPerm extractEntry Source/iPhoneSimulator.h
71 silly gunzTarPerm modified mode [ 'Source/iPhoneSimulator.h', 420, 438 ]
72 silly gunzTarPerm extractEntry Source/iPhoneSimulator.m
73 silly gunzTarPerm modified mode [ 'Source/iPhoneSimulator.m', 493, 511 ]
74 silly gunzTarPerm extractEntry Source/main.m
75 silly gunzTarPerm modified mode [ 'Source/main.m', 420, 438 ]
76 silly gunzTarPerm extractEntry Source/nsprintf.h
77 silly gunzTarPerm modified mode [ 'Source/nsprintf.h', 420, 438 ]
78 silly gunzTarPerm extractEntry Source/nsprintf.m
79 silly gunzTarPerm modified mode [ 'Source/nsprintf.m', 420, 438 ]
80 silly gunzTarPerm extractEntry Source/version.h
81 silly gunzTarPerm modified mode [ 'Source/version.h', 420, 438 ]
82 silly gunzTarPerm extractEntry ios-sim.xcodeproj/.npmignore
83 silly gunzTarPerm modified mode [ 'ios-sim.xcodeproj/.npmignore', 420, 438 ]
84 silly gunzTarPerm extractEntry ios-sim.xcodeproj/project.pbxproj
85 silly gunzTarPerm modified mode [ 'ios-sim.xcodeproj/project.pbxproj', 420, 438 ]
86 silly gunzTarPerm extractEntry ios-sim.xcodeproj/xcshareddata/xcschemes/ios-sim.xcscheme
87 silly gunzTarPerm modified mode [ 'ios-sim.xcodeproj/xcshareddata/xcschemes/ios-sim.xcscheme',
87 silly gunzTarPerm   420,
87 silly gunzTarPerm   438 ]
88 silly gunzTarPerm extractEntry ios-sim_Prefix.pch
89 silly gunzTarPerm modified mode [ 'ios-sim_Prefix.pch', 420, 438 ]
90 silly gunzTarPerm extractEntry DVTiPhoneSimulatorRemoteClient/DVTiPhoneSimulatorRemoteClient.h
91 silly gunzTarPerm modified mode [ 'DVTiPhoneSimulatorRemoteClient/DVTiPhoneSimulatorRemoteClient.h',
91 silly gunzTarPerm   420,
91 silly gunzTarPerm   438 ]
92 silly gunzTarPerm extractEntry README.template.md
93 silly gunzTarPerm modified mode [ 'README.template.md', 420, 438 ]
94 verbose write writing to C:\Users\Llewellyn\AppData\Roaming\npm\node_modules\ios-sim\package.json
95 info preinstall ios-sim@3.1.1
96 verbose unsafe-perm in lifecycle true
97 info ios-sim@3.1.1 Failed to exec preinstall script
98 verbose unlock done using C:\Users\Llewellyn\AppData\Roaming\npm-cache\_locks\ios-sim-5091d3e5c92e6e4c.lock for C:\Users\Llewellyn\AppData\Roaming\npm\node_modules\ios-sim
99 verbose stack Error: ios-sim@3.1.1 preinstall: `rake build`
99 verbose stack Exit status 1
99 verbose stack     at EventEmitter.<anonymous> (C:\Program Files\nodejs\node_modules\npm\lib\utils\lifecycle.js:213:16)
99 verbose stack     at EventEmitter.emit (events.js:110:17)
99 verbose stack     at ChildProcess.<anonymous> (C:\Program Files\nodejs\node_modules\npm\lib\utils\spawn.js:24:14)
99 verbose stack     at ChildProcess.emit (events.js:110:17)
99 verbose stack     at maybeClose (child_process.js:1015:16)
99 verbose stack     at Process.ChildProcess._handle.onexit (child_process.js:1087:5)
100 verbose pkgid ios-sim@3.1.1
101 verbose cwd C:\Users\Llewellyn\Desktop\ID Scan PhoneGap app\Test3
102 error Windows_NT 6.1.7601
103 error argv "C:\\Program Files\\nodejs\\node.exe" "C:\\Program Files\\nodejs\\node_modules\\npm\\bin\\npm-cli.js" "install" "ios-sim" "--global"
104 error node v0.12.4
105 error npm  v2.10.1
106 error code ELIFECYCLE
107 error ios-sim@3.1.1 preinstall: `rake build`
107 error Exit status 1
108 error Failed at the ios-sim@3.1.1 preinstall script 'rake build'.
108 error This is most likely a problem with the ios-sim package,
108 error not with npm itself.
108 error Tell the author that this fails on your system:
108 error     rake build
108 error You can get their info via:
108 error     npm owner ls ios-sim
108 error There is likely additional logging output above.
109 verbose exit [ 1, true ]
110 verbose unbuild node_modules\ios-sim
111 info preuninstall ios-sim@3.1.1
112 info uninstall ios-sim@3.1.1
113 verbose unbuild rmStuff ios-sim@3.1.1 from C:\Users\Llewellyn\AppData\Roaming\npm\node_modules
114 silly gentlyRm C:\Users\Llewellyn\AppData\Roaming\npm\ios-sim.cmd is being gently removed
115 silly gentlyRm verifying C:\Users\Llewellyn\AppData\Roaming\npm is an npm working directory
116 silly gentlyRm containing path C:\Users\Llewellyn\AppData\Roaming\npm is under npm's control, in C:\Users\Llewellyn\AppData\Roaming\npm
117 silly gentlyRm deletion target C:\Users\Llewellyn\AppData\Roaming\npm\ios-sim.cmd is under C:\Users\Llewellyn\AppData\Roaming\npm
118 verbose gentlyRm vacuuming from C:\Users\Llewellyn\AppData\Roaming\npm\ios-sim.cmd up to C:\Users\Llewellyn\AppData\Roaming\npm
119 silly gentlyRm C:\Users\Llewellyn\AppData\Roaming\npm\ios-sim is being gently removed
120 silly gentlyRm verifying C:\Users\Llewellyn\AppData\Roaming\npm is an npm working directory
121 silly gentlyRm containing path C:\Users\Llewellyn\AppData\Roaming\npm is under npm's control, in C:\Users\Llewellyn\AppData\Roaming\npm
122 silly gentlyRm deletion target C:\Users\Llewellyn\AppData\Roaming\npm\ios-sim is under C:\Users\Llewellyn\AppData\Roaming\npm
123 verbose gentlyRm vacuuming from C:\Users\Llewellyn\AppData\Roaming\npm\ios-sim up to C:\Users\Llewellyn\AppData\Roaming\npm
124 info postuninstall ios-sim@3.1.1
125 silly gentlyRm C:\Users\Llewellyn\AppData\Roaming\npm\node_modules\ios-sim is being purged from base C:\Users\Llewellyn\AppData\Roaming\npm
126 verbose gentlyRm don't care about contents; nuking C:\Users\Llewellyn\AppData\Roaming\npm\node_modules\ios-sim
127 silly vacuum-fs purging C:\Users\Llewellyn\AppData\Roaming\npm\node_modules\ios-sim
128 silly vacuum-fs quitting because other entries in C:\Users\Llewellyn\AppData\Roaming\npm\node_modules
